Line 212: Class prjChameleon.chameleonButton of control cbOK was not a loaded control class.
Line 213: The property name Cancel in cbOK is invalid.
Line 214: The property name Default in cbOK is invalid.
Line 220: The property name _ExtentX in cbOK is invalid.
Line 221: The property name _ExtentY in cbOK is invalid.
Line 222: The property name BTYPE in cbOK is invalid.
Line 223: The property name TX in cbOK is invalid.
Line 224: The property name ENAB in cbOK is invalid.
Line 234: The property name COLTYPE in cbOK is invalid.
Line 235: The property name FOCUSR in cbOK is invalid.
Line 236: The property name BCOL in cbOK is invalid.
Line 237: The property name BCOLO in cbOK is invalid.
Line 238: The property name FCOL in cbOK is invalid.
Line 239: The property name FCOLO in cbOK is invalid.
Line 240: The property name MCOL in cbOK is invalid.
Line 241: The property name MPTR in cbOK is invalid.
Line 242: The property name MICON in cbOK is invalid.
Line 243: The property name UMCOL in cbOK is invalid.
Line 244: The property name SOFT in cbOK is invalid.
Line 245: The property name PICPOS in cbOK is invalid.
Line 246: The property name NGREY in cbOK is invalid.
Line 247: The property name FX in cbOK is invalid.
Line 248: The property name HAND in cbOK is invalid.
Line 249: The property name CHECK in cbOK is invalid.
Line 250: The property name VALUE in cbOK is invalid.
