Line 42: Class prjChameleon.chameleonButton of control chameleonButton1 was not a loaded control class.
Line 48: The property name _ExtentX in chameleonButton1 is invalid.
Line 49: The property name _ExtentY in chameleonButton1 is invalid.
Line 50: The property name BTYPE in chameleonButton1 is invalid.
Line 51: The property name TX in chameleonButton1 is invalid.
Line 52: The property name ENAB in chameleonButton1 is invalid.
Line 62: The property name COLTYPE in chameleonButton1 is invalid.
Line 63: The property name FOCUSR in chameleonButton1 is invalid.
Line 64: The property name BCOL in chameleonButton1 is invalid.
Line 65: The property name BCOLO in chameleonButton1 is invalid.
Line 66: The property name FCOL in chameleonButton1 is invalid.
Line 67: The property name FCOLO in chameleonButton1 is invalid.
Line 68: The property name MCOL in chameleonButton1 is invalid.
Line 69: The property name MPTR in chameleonButton1 is invalid.
Line 70: The property name MICON in chameleonButton1 is invalid.
Line 71: The property name UMCOL in chameleonButton1 is invalid.
Line 72: The property name SOFT in chameleonButton1 is invalid.
Line 73: The property name PICPOS in chameleonButton1 is invalid.
Line 74: The property name NGREY in chameleonButton1 is invalid.
Line 75: The property name FX in chameleonButton1 is invalid.
Line 76: The property name HAND in chameleonButton1 is invalid.
Line 77: The property name CHECK in chameleonButton1 is invalid.
Line 78: The property name VALUE in chameleonButton1 is invalid.
